[debug] [2025-05-10T13:27:45.554Z] ----------------------------------------------------------------------
[debug] [2025-05-10T13:27:45.557Z] Command:       C:\Program Files\nodejs\node.exe C:\Users\apera\AppData\Roaming\npm\node_modules\firebase-tools\lib\bin\firebase.js init hosting
[debug] [2025-05-10T13:27:45.557Z] CLI Version:   14.3.1
[debug] [2025-05-10T13:27:45.557Z] Platform:      win32
[debug] [2025-05-10T13:27:45.557Z] Node Version:  v20.17.0
[debug] [2025-05-10T13:27:45.557Z] Time:          Sat May 10 2025 21:27:45 GMT+0800 (Philippine Standard Time)
[debug] [2025-05-10T13:27:45.557Z] ----------------------------------------------------------------------
[debug] 
[debug] [2025-05-10T13:27:45.563Z] > command requires scopes: ["email","openid","https://www.googleapis.com/auth/cloudplatformprojects.readonly","https://www.googleapis.com/auth/firebase","https://www.googleapis.com/auth/cloud-platform"]
[debug] [2025-05-10T13:27:45.563Z] > authorizing via signed-in user (angeloperalta114@gmail.com)
[info] 
     ######## #### ########  ######## ########     ###     ######  ########
     ##        ##  ##     ## ##       ##     ##  ##   ##  ##       ##
     ######    ##  ########  ######   ########  #########  ######  ######
     ##        ##  ##    ##  ##       ##     ## ##     ##       ## ##
     ##       #### ##     ## ######## ########  ##     ##  ######  ########

You're about to initialize a Firebase project in this directory:

  D:\e-rec-reviews

[info] 
=== Project Setup
[info] 
[info] First, let's associate this project directory with a Firebase project.
[info] You can create multiple project aliases by running firebase use --add, 
[info] but for now we'll just set up a default project.
[info] 
[debug] [2025-05-10T13:28:00.410Z] Checked if tokens are valid: true, expires at: 1746886681628
[debug] [2025-05-10T13:28:00.410Z] Checked if tokens are valid: true, expires at: 1746886681628
[debug] [2025-05-10T13:28:00.412Z] >>> [apiv2][query] GET https://firebase.googleapis.com/v1beta1/projects pageSize=100
[debug] [2025-05-10T13:28:01.101Z] <<< [apiv2][status] GET https://firebase.googleapis.com/v1beta1/projects 200
[debug] [2025-05-10T13:28:01.101Z] <<< [apiv2][body] GET https://firebase.googleapis.com/v1beta1/projects [omitted]
[info] i  Using project rec-reviews-cdbaa (REC-Reviews) 
[info] 
=== Hosting Setup
[debug] [2025-05-10T13:28:02.919Z] Checked if tokens are valid: true, expires at: 1746886681628
[debug] [2025-05-10T13:28:02.919Z] Checked if tokens are valid: true, expires at: 1746886681628
[debug] [2025-05-10T13:28:02.920Z] >>> [apiv2][query] GET https://firebase.googleapis.com/v1beta1/projects/rec-reviews-cdbaa [none]
[debug] [2025-05-10T13:28:03.219Z] <<< [apiv2][status] GET https://firebase.googleapis.com/v1beta1/projects/rec-reviews-cdbaa 200
[debug] [2025-05-10T13:28:03.220Z] <<< [apiv2][body] GET https://firebase.googleapis.com/v1beta1/projects/rec-reviews-cdbaa {"projectId":"rec-reviews-cdbaa","projectNumber":"199706126174","displayName":"REC-Reviews","name":"projects/rec-reviews-cdbaa","resources":{"hostingSite":"rec-reviews-cdbaa"},"state":"ACTIVE","etag":"1_a03d1310-9734-42b5-9b8f-c18858dc17c9"}
[info] 
[info] i  Detected a .git folder at D:\e-rec-reviews 
[info] i  Authorizing with GitHub to upload your service account to a GitHub repository's secrets store. 
[info] 
[info] Visit this URL on this device to log in:
[info] https://github.com/login/oauth/authorize?client_id=89cf50f02ac6aaed3484&state=391158967&redirect_uri=http%3A%2F%2Flocalhost%3A9005&scope=read%3Auser%20repo%20public_repo
[info] 
[info] Waiting for authentication...
[debug] [2025-05-11T00:41:11.377Z] >>> [apiv2][query] POST https://github.com/login/oauth/access_token [none]
[debug] [2025-05-11T00:41:11.377Z] >>> [apiv2][body] POST https://github.com/login/oauth/access_token [stream]
[debug] [2025-05-11T00:41:11.833Z] <<< [apiv2][status] POST https://github.com/login/oauth/access_token 200
[debug] [2025-05-11T00:41:11.833Z] <<< [apiv2][body] POST https://github.com/login/oauth/access_token {"access_token":"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","token_type":"bearer","scope":"read:user,repo"}
[debug] [2025-05-11T00:41:11.839Z] >>> [apiv2][query] GET https://api.github.com/user [none]
[debug] [2025-05-11T00:41:12.347Z] <<< [apiv2][status] GET https://api.github.com/user 200
[debug] [2025-05-11T00:41:12.348Z] <<< [apiv2][body] GET https://api.github.com/user {"login":"angelop-1602","id":128838611,"node_id":"U_kgDOB63r0w","avatar_url":"https://avatars.githubusercontent.com/u/128838611?v=4","gravatar_id":"","url":"https://api.github.com/users/angelop-1602","html_url":"https://github.com/angelop-1602","followers_url":"https://api.github.com/users/angelop-1602/followers","following_url":"https://api.github.com/users/angelop-1602/following{/other_user}","gists_url":"https://api.github.com/users/angelop-1602/gists{/gist_id}","starred_url":"https://api.github.com/users/angelop-1602/starred{/owner}{/repo}","subscriptions_url":"https://api.github.com/users/angelop-1602/subscriptions","organizations_url":"https://api.github.com/users/angelop-1602/orgs","repos_url":"https://api.github.com/users/angelop-1602/repos","events_url":"https://api.github.com/users/angelop-1602/events{/privacy}","received_events_url":"https://api.github.com/users/angelop-1602/received_events","type":"User","user_view_type":"private","site_admin":false,"name":"Angelo Peralta","company":"Saint Paul University Philippines","blog":"","location":null,"email":null,"hireable":null,"bio":null,"twitter_username":null,"notification_email":null,"public_repos":4,"public_gists":0,"followers":0,"following":1,"created_at":"2023-03-24T17:25:10Z","updated_at":"2025-04-04T13:14:24Z","private_gists":0,"total_private_repos":8,"owned_private_repos":8,"disk_usage":277109,"collaborators":0,"two_factor_authentication":true,"plan":{"name":"free","space":976562499,"collaborators":0,"private_repos":10000}}
[info] 
[info] +  Success! Logged into GitHub as angelop-1602 
[info] 
[debug] [2025-05-11T00:41:24.267Z] >>> [apiv2][query] GET https://api.github.com/repos//actions/secrets/public-key type=owner
[debug] [2025-05-11T00:41:24.655Z] <<< [apiv2][status] GET https://api.github.com/repos//actions/secrets/public-key 404
[debug] [2025-05-11T00:41:24.655Z] <<< [apiv2][body] GET https://api.github.com/repos//actions/secrets/public-key {"message":"Not Found","documentation_url":"https://docs.github.com/rest","status":"404"}
[info] 
[info] 
[error] !  The provided authorization cannot be used with this repository. If this repository is in an organization, did you remember to grant access? 
[info] 
[info] i  Action required: Visit this URL to ensure access has been granted to the appropriate organization(s) for the Firebase CLI GitHub OAuth App: 
[info] https://github.com/settings/connections/applications/89cf50f02ac6aaed3484
[info] 
[debug] [2025-05-11T00:41:28.603Z] >>> [apiv2][query] GET https://api.github.com/repos//actions/secrets/public-key type=owner
[debug] [2025-05-11T00:41:28.911Z] <<< [apiv2][status] GET https://api.github.com/repos//actions/secrets/public-key 404
[debug] [2025-05-11T00:41:28.911Z] <<< [apiv2][body] GET https://api.github.com/repos//actions/secrets/public-key {"message":"Not Found","documentation_url":"https://docs.github.com/rest","status":"404"}
[info] 
[info] 
[error] !  The provided authorization cannot be used with this repository. If this repository is in an organization, did you remember to grant access? 
[info] 
[info] i  Action required: Visit this URL to ensure access has been granted to the appropriate organization(s) for the Firebase CLI GitHub OAuth App: 
[info] https://github.com/settings/connections/applications/89cf50f02ac6aaed3484
[info] 
[debug] [2025-05-11T00:41:29.981Z] >>> [apiv2][query] GET https://api.github.com/repos//actions/secrets/public-key type=owner
[debug] [2025-05-11T00:41:30.281Z] <<< [apiv2][status] GET https://api.github.com/repos//actions/secrets/public-key 404
[debug] [2025-05-11T00:41:30.281Z] <<< [apiv2][body] GET https://api.github.com/repos//actions/secrets/public-key {"message":"Not Found","documentation_url":"https://docs.github.com/rest","status":"404"}
[info] 
[info] 
[error] !  The provided authorization cannot be used with this repository. If this repository is in an organization, did you remember to grant access? 
[info] 
[info] i  Action required: Visit this URL to ensure access has been granted to the appropriate organization(s) for the Firebase CLI GitHub OAuth App: 
[info] https://github.com/settings/connections/applications/89cf50f02ac6aaed3484
[info] 
[debug] [2025-05-11T00:41:45.639Z] >>> [apiv2][query] GET https://api.github.com/repos/angelo-1602/actions/secrets/public-key type=owner
[debug] [2025-05-11T00:41:46.047Z] <<< [apiv2][status] GET https://api.github.com/repos/angelo-1602/actions/secrets/public-key 404
[debug] [2025-05-11T00:41:46.047Z] <<< [apiv2][body] GET https://api.github.com/repos/angelo-1602/actions/secrets/public-key {"message":"Not Found","documentation_url":"https://docs.github.com/rest","status":"404"}
[info] 
[info] 
[error] !  The provided authorization cannot be used with this repository. If this repository is in an organization, did you remember to grant access? 
[info] 
[info] i  Action required: Visit this URL to ensure access has been granted to the appropriate organization(s) for the Firebase CLI GitHub OAuth App: 
[info] https://github.com/settings/connections/applications/89cf50f02ac6aaed3484
[info] 
[debug] [2025-05-11T00:42:16.270Z] >>> [apiv2][query] GET https://api.github.com/repos/angelop-1602/actions/secrets/public-key type=owner
[debug] [2025-05-11T00:42:16.689Z] <<< [apiv2][status] GET https://api.github.com/repos/angelop-1602/actions/secrets/public-key 404
[debug] [2025-05-11T00:42:16.689Z] <<< [apiv2][body] GET https://api.github.com/repos/angelop-1602/actions/secrets/public-key {"message":"Not Found","documentation_url":"https://docs.github.com/rest","status":"404"}
[info] 
[info] 
[error] !  The provided authorization cannot be used with this repository. If this repository is in an organization, did you remember to grant access? 
[info] 
[info] i  Action required: Visit this URL to ensure access has been granted to the appropriate organization(s) for the Firebase CLI GitHub OAuth App: 
[info] https://github.com/settings/connections/applications/89cf50f02ac6aaed3484
[info] 
